<?xml version="1.0" encoding="UTF-8" ?>
<testsuite errors="0" failures="0" hostname="E4LJBSL3AUMKO" name="com.durasoft.AuthenticationServiceSpec" tests="1" time="2.154" timestamp="2013-02-20T10:53:43">
  <properties />
  <testcase classname="com.durasoft.AuthenticationServiceSpec" name="test valid authentication" time="2.125" />
  <system-out><![CDATA[--Output from test valid authentication--
]]></system-out>
  <system-err><![CDATA[--Output from test valid authentication--
]]></system-err>
</testsuite>
