<?xml version="1.0" encoding="UTF-8" ?>
<testsuite errors="0" failures="0" hostname="E4LJBSL3AUMKO" name="com.durasoft.SimpleControllerSpec" tests="4" time="2.269" timestamp="2013-02-20T10:42:25">
  <properties />
  <testcase classname="com.durasoft.SimpleControllerSpec" name="valid login2" time="1.984" />
  <testcase classname="com.durasoft.SimpleControllerSpec" name="invalid login" time="0.099" />
  <testcase classname="com.durasoft.SimpleControllerSpec" name="valid login" time="0.071" />
  <testcase classname="com.durasoft.SimpleControllerSpec" name="test Index" time="0.073" />
  <system-out><![CDATA[--Output from valid login2--
--Output from invalid login--
--UserName: admin, password: dfgffadmin
--Output from valid login--
--UserName: admin, password: admin
--Output from test Index--
]]></system-out>
  <system-err><![CDATA[--Output from valid login2--
--Output from invalid login--
--Output from valid login--
--Output from test Index--
]]></system-err>
</testsuite>
